09-Nov-2023 19:35:09.185 정보 [main] org.apache.catalina.startup.VersionLoggerListener.log 서버 버전 이름:    Apache Tomcat/10.1.15
09-Nov-2023 19:35:09.188 정보 [main] org.apache.catalina.startup.VersionLoggerListener.log Server 빌드 시각:  Oct 11 2023 23:38:40 UTC
09-Nov-2023 19:35:09.189 정보 [main] org.apache.catalina.startup.VersionLoggerListener.log Server 버전 번호:  10.1.15.0
09-Nov-2023 19:35:09.189 정보 [main] org.apache.catalina.startup.VersionLoggerListener.log 운영체제 이름:     Windows 10
09-Nov-2023 19:35:09.189 정보 [main] org.apache.catalina.startup.VersionLoggerListener.log 운영체제 버전:     10.0
09-Nov-2023 19:35:09.189 정보 [main] org.apache.catalina.startup.VersionLoggerListener.log 아키텍처:          amd64
09-Nov-2023 19:35:09.189 정보 [main] org.apache.catalina.startup.VersionLoggerListener.log 자바 홈:           C:\Users\User\.jdks\corretto-17.0.8.1
09-Nov-2023 19:35:09.189 정보 [main] org.apache.catalina.startup.VersionLoggerListener.log JVM 버전:          17.0.8.1+8-LTS
09-Nov-2023 19:35:09.190 정보 [main] org.apache.catalina.startup.VersionLoggerListener.log JVM 벤더:          Amazon.com Inc.
09-Nov-2023 19:35:09.190 정보 [main] org.apache.catalina.startup.VersionLoggerListener.log CATALINA_BASE:     C:\works\jsp_projects\JSP_Board
09-Nov-2023 19:35:09.190 정보 [main] org.apache.catalina.startup.VersionLoggerListener.log CATALINA_HOME:     C:\works\apache-tomcat-10.1.15
09-Nov-2023 19:35:09.196 정보 [main] org.apache.catalina.startup.VersionLoggerListener.log 명령 행 아규먼트:  --add-opens=java.base/java.lang=ALL-UNNAMED
09-Nov-2023 19:35:09.196 정보 [main] org.apache.catalina.startup.VersionLoggerListener.log 명령 행 아규먼트:  --add-opens=java.base/java.io=ALL-UNNAMED
09-Nov-2023 19:35:09.196 정보 [main] org.apache.catalina.startup.VersionLoggerListener.log 명령 행 아규먼트:  --add-opens=java.base/java.util=ALL-UNNAMED
09-Nov-2023 19:35:09.196 정보 [main] org.apache.catalina.startup.VersionLoggerListener.log 명령 행 아규먼트:  --add-opens=java.base/java.util.concurrent=ALL-UNNAMED
09-Nov-2023 19:35:09.196 정보 [main] org.apache.catalina.startup.VersionLoggerListener.log 명령 행 아규먼트:  --add-opens=java.rmi/sun.rmi.transport=ALL-UNNAMED
09-Nov-2023 19:35:09.196 정보 [main] org.apache.catalina.startup.VersionLoggerListener.log 명령 행 아규먼트:  -Dcatalina.home=C:\works\apache-tomcat-10.1.15
09-Nov-2023 19:35:09.197 정보 [main] org.apache.catalina.startup.VersionLoggerListener.log 명령 행 아규먼트:  -Dcatalina.base=C:\works\jsp_projects\JSP_Board
09-Nov-2023 19:35:09.197 정보 [main] org.apache.catalina.startup.VersionLoggerListener.log 명령 행 아규먼트:  -Djava.io.tmpdir=C:\works\jsp_projects\JSP_Board\temp
09-Nov-2023 19:35:09.197 정보 [main] org.apache.catalina.startup.VersionLoggerListener.log 명령 행 아규먼트:  -Djava.util.logging.config.file=C:\works\jsp_projects\JSP_Board\conf\logging.properties
09-Nov-2023 19:35:09.197 정보 [main] org.apache.catalina.startup.VersionLoggerListener.log 명령 행 아규먼트:  -Djava.util.logging.manager=org.apache.juli.ClassLoaderLogManager
09-Nov-2023 19:35:09.197 정보 [main] org.apache.catalina.startup.VersionLoggerListener.log 명령 행 아규먼트:  -javaagent:C:\Program Files\JetBrains\IntelliJ IDEA Community Edition 2023.2\lib\idea_rt.jar=14109:C:\Program Files\JetBrains\IntelliJ IDEA Community Edition 2023.2\bin
09-Nov-2023 19:35:09.197 정보 [main] org.apache.catalina.startup.VersionLoggerListener.log 명령 행 아규먼트:  -Dfile.encoding=UTF-8
09-Nov-2023 19:35:09.199 정보 [main] org.apache.catalina.core.AprLifecycleListener.lifecycleEvent APR 버전 [1.7.4]을(를) 사용한, APR 기반 Apache Tomcat Native 라이브러리 [2.0.6]을(를) 로드했습니다.
09-Nov-2023 19:35:09.203 정보 [main] org.apache.catalina.core.AprLifecycleListener.initializeSSL OpenSSL이 성공적으로 초기화되었습니다: [OpenSSL 3.0.11 19 Sep 2023]
09-Nov-2023 19:35:09.377 정보 [main] org.apache.coyote.AbstractProtocol.init 프로토콜 핸들러 ["http-nio-8081"]을(를) 초기화합니다.
09-Nov-2023 19:35:09.393 정보 [main] org.apache.catalina.startup.Catalina.load [402] 밀리초 내에 서버가 초기화되었습니다.
09-Nov-2023 19:35:09.440 정보 [main] org.apache.catalina.core.StandardService.startInternal 서비스 [Catalina]을(를) 시작합니다.
09-Nov-2023 19:35:09.440 정보 [main] org.apache.catalina.core.StandardEngine.startInternal 서버 엔진을 시작합니다: [Apache Tomcat/10.1.15]
09-Nov-2023 19:35:09.451 정보 [main] org.apache.catalina.startup.HostConfig.deployDescriptor 배치 descriptor [C:\works\jsp_projects\JSP_Board\conf\Catalina\localhost\ROOT.xml]을(를) 배치합니다.
09-Nov-2023 19:35:09.796 정보 [main] org.apache.catalina.startup.HostConfig.deployDescriptor 배치 descriptor [C:\works\jsp_projects\JSP_Board\conf\Catalina\localhost\ROOT.xml]의 배치가 [343] 밀리초 내에 완료되었습니다.
09-Nov-2023 19:35:09.799 정보 [main] org.apache.coyote.AbstractProtocol.start 프로토콜 핸들러 ["http-nio-8081"]을(를) 시작합니다.
09-Nov-2023 19:35:09.828 정보 [main] org.apache.catalina.startup.Catalina.start 서버가 [434] 밀리초 내에 시작되었습니다.
09-Nov-2023 20:06:38.085 정보 [Thread-1] org.apache.coyote.AbstractProtocol.pause 프로토콜 핸들러 ["http-nio-8081"]을(를) 일시 정지 중
09-Nov-2023 20:06:38.089 정보 [Thread-1] org.apache.catalina.core.StandardService.stopInternal 서비스 [Catalina]을(를) 중지시킵니다.
09-Nov-2023 20:06:38.097 정보 [Thread-1] org.apache.coyote.AbstractProtocol.stop 프로토콜 핸들러 ["http-nio-8081"]을(를) 중지시킵니다.
09-Nov-2023 20:06:38.100 정보 [Thread-1] org.apache.coyote.AbstractProtocol.destroy 프로토콜 핸들러 ["http-nio-8081"]을(를) 소멸시킵니다.
09-Nov-2023 20:10:51.493 정보 [main] org.apache.catalina.startup.VersionLoggerListener.log 서버 버전 이름:    Apache Tomcat/10.1.15
09-Nov-2023 20:10:51.497 정보 [main] org.apache.catalina.startup.VersionLoggerListener.log Server 빌드 시각:  Oct 11 2023 23:38:40 UTC
09-Nov-2023 20:10:51.497 정보 [main] org.apache.catalina.startup.VersionLoggerListener.log Server 버전 번호:  10.1.15.0
09-Nov-2023 20:10:51.498 정보 [main] org.apache.catalina.startup.VersionLoggerListener.log 운영체제 이름:     Windows 10
09-Nov-2023 20:10:51.498 정보 [main] org.apache.catalina.startup.VersionLoggerListener.log 운영체제 버전:     10.0
09-Nov-2023 20:10:51.498 정보 [main] org.apache.catalina.startup.VersionLoggerListener.log 아키텍처:          amd64
09-Nov-2023 20:10:51.498 정보 [main] org.apache.catalina.startup.VersionLoggerListener.log 자바 홈:           C:\Users\User\.jdks\corretto-17.0.8.1
09-Nov-2023 20:10:51.498 정보 [main] org.apache.catalina.startup.VersionLoggerListener.log JVM 버전:          17.0.8.1+8-LTS
09-Nov-2023 20:10:51.498 정보 [main] org.apache.catalina.startup.VersionLoggerListener.log JVM 벤더:          Amazon.com Inc.
09-Nov-2023 20:10:51.498 정보 [main] org.apache.catalina.startup.VersionLoggerListener.log CATALINA_BASE:     C:\works\jsp_projects\JSP_Board
09-Nov-2023 20:10:51.498 정보 [main] org.apache.catalina.startup.VersionLoggerListener.log CATALINA_HOME:     C:\works\apache-tomcat-10.1.15
09-Nov-2023 20:10:51.505 정보 [main] org.apache.catalina.startup.VersionLoggerListener.log 명령 행 아규먼트:  --add-opens=java.base/java.lang=ALL-UNNAMED
09-Nov-2023 20:10:51.505 정보 [main] org.apache.catalina.startup.VersionLoggerListener.log 명령 행 아규먼트:  --add-opens=java.base/java.io=ALL-UNNAMED
09-Nov-2023 20:10:51.505 정보 [main] org.apache.catalina.startup.VersionLoggerListener.log 명령 행 아규먼트:  --add-opens=java.base/java.util=ALL-UNNAMED
09-Nov-2023 20:10:51.505 정보 [main] org.apache.catalina.startup.VersionLoggerListener.log 명령 행 아규먼트:  --add-opens=java.base/java.util.concurrent=ALL-UNNAMED
09-Nov-2023 20:10:51.505 정보 [main] org.apache.catalina.startup.VersionLoggerListener.log 명령 행 아규먼트:  --add-opens=java.rmi/sun.rmi.transport=ALL-UNNAMED
09-Nov-2023 20:10:51.505 정보 [main] org.apache.catalina.startup.VersionLoggerListener.log 명령 행 아규먼트:  -Dcatalina.home=C:\works\apache-tomcat-10.1.15
09-Nov-2023 20:10:51.505 정보 [main] org.apache.catalina.startup.VersionLoggerListener.log 명령 행 아규먼트:  -Dcatalina.base=C:\works\jsp_projects\JSP_Board
09-Nov-2023 20:10:51.505 정보 [main] org.apache.catalina.startup.VersionLoggerListener.log 명령 행 아규먼트:  -Djava.io.tmpdir=C:\works\jsp_projects\JSP_Board\temp
09-Nov-2023 20:10:51.506 정보 [main] org.apache.catalina.startup.VersionLoggerListener.log 명령 행 아규먼트:  -Djava.util.logging.config.file=C:\works\jsp_projects\JSP_Board\conf\logging.properties
09-Nov-2023 20:10:51.506 정보 [main] org.apache.catalina.startup.VersionLoggerListener.log 명령 행 아규먼트:  -Djava.util.logging.manager=org.apache.juli.ClassLoaderLogManager
09-Nov-2023 20:10:51.506 정보 [main] org.apache.catalina.startup.VersionLoggerListener.log 명령 행 아규먼트:  -javaagent:C:\Program Files\JetBrains\IntelliJ IDEA Community Edition 2023.2\lib\idea_rt.jar=14608:C:\Program Files\JetBrains\IntelliJ IDEA Community Edition 2023.2\bin
09-Nov-2023 20:10:51.506 정보 [main] org.apache.catalina.startup.VersionLoggerListener.log 명령 행 아규먼트:  -Dfile.encoding=UTF-8
09-Nov-2023 20:10:51.509 정보 [main] org.apache.catalina.core.AprLifecycleListener.lifecycleEvent APR 버전 [1.7.4]을(를) 사용한, APR 기반 Apache Tomcat Native 라이브러리 [2.0.6]을(를) 로드했습니다.
09-Nov-2023 20:10:51.513 정보 [main] org.apache.catalina.core.AprLifecycleListener.initializeSSL OpenSSL이 성공적으로 초기화되었습니다: [OpenSSL 3.0.11 19 Sep 2023]
09-Nov-2023 20:10:51.650 정보 [main] org.apache.coyote.AbstractProtocol.init 프로토콜 핸들러 ["http-nio-8081"]을(를) 초기화합니다.
09-Nov-2023 20:10:51.662 정보 [main] org.apache.catalina.startup.Catalina.load [295] 밀리초 내에 서버가 초기화되었습니다.
09-Nov-2023 20:10:51.695 정보 [main] org.apache.catalina.core.StandardService.startInternal 서비스 [Catalina]을(를) 시작합니다.
09-Nov-2023 20:10:51.695 정보 [main] org.apache.catalina.core.StandardEngine.startInternal 서버 엔진을 시작합니다: [Apache Tomcat/10.1.15]
09-Nov-2023 20:10:51.706 정보 [main] org.apache.catalina.startup.HostConfig.deployDescriptor 배치 descriptor [C:\works\jsp_projects\JSP_Board\conf\Catalina\localhost\ROOT.xml]을(를) 배치합니다.
09-Nov-2023 20:10:52.047 정보 [main] org.apache.catalina.startup.HostConfig.deployDescriptor 배치 descriptor [C:\works\jsp_projects\JSP_Board\conf\Catalina\localhost\ROOT.xml]의 배치가 [340] 밀리초 내에 완료되었습니다.
09-Nov-2023 20:10:52.050 정보 [main] org.apache.coyote.AbstractProtocol.start 프로토콜 핸들러 ["http-nio-8081"]을(를) 시작합니다.
09-Nov-2023 20:10:52.084 정보 [main] org.apache.catalina.startup.Catalina.start 서버가 [421] 밀리초 내에 시작되었습니다.
09-Nov-2023 20:11:25.069 정보 [Thread-1] org.apache.coyote.AbstractProtocol.pause 프로토콜 핸들러 ["http-nio-8081"]을(를) 일시 정지 중
09-Nov-2023 20:11:25.071 정보 [Thread-1] org.apache.catalina.core.StandardService.stopInternal 서비스 [Catalina]을(를) 중지시킵니다.
09-Nov-2023 20:11:25.078 정보 [Thread-1] org.apache.coyote.AbstractProtocol.stop 프로토콜 핸들러 ["http-nio-8081"]을(를) 중지시킵니다.
09-Nov-2023 20:11:25.080 정보 [Thread-1] org.apache.coyote.AbstractProtocol.destroy 프로토콜 핸들러 ["http-nio-8081"]을(를) 소멸시킵니다.
09-Nov-2023 20:11:25.952 정보 [main] org.apache.catalina.startup.VersionLoggerListener.log 서버 버전 이름:    Apache Tomcat/10.1.15
09-Nov-2023 20:11:25.956 정보 [main] org.apache.catalina.startup.VersionLoggerListener.log Server 빌드 시각:  Oct 11 2023 23:38:40 UTC
09-Nov-2023 20:11:25.956 정보 [main] org.apache.catalina.startup.VersionLoggerListener.log Server 버전 번호:  10.1.15.0
09-Nov-2023 20:11:25.956 정보 [main] org.apache.catalina.startup.VersionLoggerListener.log 운영체제 이름:     Windows 10
09-Nov-2023 20:11:25.956 정보 [main] org.apache.catalina.startup.VersionLoggerListener.log 운영체제 버전:     10.0
09-Nov-2023 20:11:25.957 정보 [main] org.apache.catalina.startup.VersionLoggerListener.log 아키텍처:          amd64
09-Nov-2023 20:11:25.957 정보 [main] org.apache.catalina.startup.VersionLoggerListener.log 자바 홈:           C:\Users\User\.jdks\corretto-17.0.8.1
09-Nov-2023 20:11:25.957 정보 [main] org.apache.catalina.startup.VersionLoggerListener.log JVM 버전:          17.0.8.1+8-LTS
09-Nov-2023 20:11:25.957 정보 [main] org.apache.catalina.startup.VersionLoggerListener.log JVM 벤더:          Amazon.com Inc.
09-Nov-2023 20:11:25.957 정보 [main] org.apache.catalina.startup.VersionLoggerListener.log CATALINA_BASE:     C:\works\jsp_projects\JSP_Board
09-Nov-2023 20:11:25.957 정보 [main] org.apache.catalina.startup.VersionLoggerListener.log CATALINA_HOME:     C:\works\apache-tomcat-10.1.15
09-Nov-2023 20:11:25.963 정보 [main] org.apache.catalina.startup.VersionLoggerListener.log 명령 행 아규먼트:  --add-opens=java.base/java.lang=ALL-UNNAMED
09-Nov-2023 20:11:25.964 정보 [main] org.apache.catalina.startup.VersionLoggerListener.log 명령 행 아규먼트:  --add-opens=java.base/java.io=ALL-UNNAMED
09-Nov-2023 20:11:25.964 정보 [main] org.apache.catalina.startup.VersionLoggerListener.log 명령 행 아규먼트:  --add-opens=java.base/java.util=ALL-UNNAMED
09-Nov-2023 20:11:25.964 정보 [main] org.apache.catalina.startup.VersionLoggerListener.log 명령 행 아규먼트:  --add-opens=java.base/java.util.concurrent=ALL-UNNAMED
09-Nov-2023 20:11:25.964 정보 [main] org.apache.catalina.startup.VersionLoggerListener.log 명령 행 아규먼트:  --add-opens=java.rmi/sun.rmi.transport=ALL-UNNAMED
09-Nov-2023 20:11:25.964 정보 [main] org.apache.catalina.startup.VersionLoggerListener.log 명령 행 아규먼트:  -Dcatalina.home=C:\works\apache-tomcat-10.1.15
09-Nov-2023 20:11:25.964 정보 [main] org.apache.catalina.startup.VersionLoggerListener.log 명령 행 아규먼트:  -Dcatalina.base=C:\works\jsp_projects\JSP_Board
09-Nov-2023 20:11:25.964 정보 [main] org.apache.catalina.startup.VersionLoggerListener.log 명령 행 아규먼트:  -Djava.io.tmpdir=C:\works\jsp_projects\JSP_Board\temp
09-Nov-2023 20:11:25.964 정보 [main] org.apache.catalina.startup.VersionLoggerListener.log 명령 행 아규먼트:  -Djava.util.logging.config.file=C:\works\jsp_projects\JSP_Board\conf\logging.properties
09-Nov-2023 20:11:25.964 정보 [main] org.apache.catalina.startup.VersionLoggerListener.log 명령 행 아규먼트:  -Djava.util.logging.manager=org.apache.juli.ClassLoaderLogManager
09-Nov-2023 20:11:25.964 정보 [main] org.apache.catalina.startup.VersionLoggerListener.log 명령 행 아규먼트:  -javaagent:C:\Program Files\JetBrains\IntelliJ IDEA Community Edition 2023.2\lib\idea_rt.jar=14622:C:\Program Files\JetBrains\IntelliJ IDEA Community Edition 2023.2\bin
09-Nov-2023 20:11:25.965 정보 [main] org.apache.catalina.startup.VersionLoggerListener.log 명령 행 아규먼트:  -Dfile.encoding=UTF-8
09-Nov-2023 20:11:25.966 정보 [main] org.apache.catalina.core.AprLifecycleListener.lifecycleEvent APR 버전 [1.7.4]을(를) 사용한, APR 기반 Apache Tomcat Native 라이브러리 [2.0.6]을(를) 로드했습니다.
09-Nov-2023 20:11:25.969 정보 [main] org.apache.catalina.core.AprLifecycleListener.initializeSSL OpenSSL이 성공적으로 초기화되었습니다: [OpenSSL 3.0.11 19 Sep 2023]
09-Nov-2023 20:11:26.156 정보 [main] org.apache.coyote.AbstractProtocol.init 프로토콜 핸들러 ["http-nio-8081"]을(를) 초기화합니다.
09-Nov-2023 20:11:26.174 정보 [main] org.apache.catalina.startup.Catalina.load [353] 밀리초 내에 서버가 초기화되었습니다.
09-Nov-2023 20:11:26.224 정보 [main] org.apache.catalina.core.StandardService.startInternal 서비스 [Catalina]을(를) 시작합니다.
09-Nov-2023 20:11:26.225 정보 [main] org.apache.catalina.core.StandardEngine.startInternal 서버 엔진을 시작합니다: [Apache Tomcat/10.1.15]
09-Nov-2023 20:11:26.241 정보 [main] org.apache.catalina.startup.HostConfig.deployDescriptor 배치 descriptor [C:\works\jsp_projects\JSP_Board\conf\Catalina\localhost\ROOT.xml]을(를) 배치합니다.
09-Nov-2023 20:11:26.601 정보 [main] org.apache.catalina.startup.HostConfig.deployDescriptor 배치 descriptor [C:\works\jsp_projects\JSP_Board\conf\Catalina\localhost\ROOT.xml]의 배치가 [360] 밀리초 내에 완료되었습니다.
09-Nov-2023 20:11:26.604 정보 [main] org.apache.coyote.AbstractProtocol.start 프로토콜 핸들러 ["http-nio-8081"]을(를) 시작합니다.
09-Nov-2023 20:11:26.633 정보 [main] org.apache.catalina.startup.Catalina.start 서버가 [459] 밀리초 내에 시작되었습니다.
09-Nov-2023 20:11:42.669 정보 [Thread-1] org.apache.coyote.AbstractProtocol.pause 프로토콜 핸들러 ["http-nio-8081"]을(를) 일시 정지 중
09-Nov-2023 20:11:42.672 정보 [Thread-1] org.apache.catalina.core.StandardService.stopInternal 서비스 [Catalina]을(를) 중지시킵니다.
09-Nov-2023 20:11:42.678 정보 [Thread-1] org.apache.coyote.AbstractProtocol.stop 프로토콜 핸들러 ["http-nio-8081"]을(를) 중지시킵니다.
09-Nov-2023 20:11:42.683 정보 [Thread-1] org.apache.coyote.AbstractProtocol.destroy 프로토콜 핸들러 ["http-nio-8081"]을(를) 소멸시킵니다.
09-Nov-2023 20:11:43.974 정보 [main] org.apache.catalina.startup.VersionLoggerListener.log 서버 버전 이름:    Apache Tomcat/10.1.15
09-Nov-2023 20:11:43.978 정보 [main] org.apache.catalina.startup.VersionLoggerListener.log Server 빌드 시각:  Oct 11 2023 23:38:40 UTC
09-Nov-2023 20:11:43.978 정보 [main] org.apache.catalina.startup.VersionLoggerListener.log Server 버전 번호:  10.1.15.0
09-Nov-2023 20:11:43.978 정보 [main] org.apache.catalina.startup.VersionLoggerListener.log 운영체제 이름:     Windows 10
09-Nov-2023 20:11:43.978 정보 [main] org.apache.catalina.startup.VersionLoggerListener.log 운영체제 버전:     10.0
09-Nov-2023 20:11:43.978 정보 [main] org.apache.catalina.startup.VersionLoggerListener.log 아키텍처:          amd64
09-Nov-2023 20:11:43.978 정보 [main] org.apache.catalina.startup.VersionLoggerListener.log 자바 홈:           C:\Users\User\.jdks\corretto-17.0.8.1
09-Nov-2023 20:11:43.978 정보 [main] org.apache.catalina.startup.VersionLoggerListener.log JVM 버전:          17.0.8.1+8-LTS
09-Nov-2023 20:11:43.978 정보 [main] org.apache.catalina.startup.VersionLoggerListener.log JVM 벤더:          Amazon.com Inc.
09-Nov-2023 20:11:43.978 정보 [main] org.apache.catalina.startup.VersionLoggerListener.log CATALINA_BASE:     C:\works\jsp_projects\JSP_Board
09-Nov-2023 20:11:43.978 정보 [main] org.apache.catalina.startup.VersionLoggerListener.log CATALINA_HOME:     C:\works\apache-tomcat-10.1.15
09-Nov-2023 20:11:43.984 정보 [main] org.apache.catalina.startup.VersionLoggerListener.log 명령 행 아규먼트:  --add-opens=java.base/java.lang=ALL-UNNAMED
09-Nov-2023 20:11:43.984 정보 [main] org.apache.catalina.startup.VersionLoggerListener.log 명령 행 아규먼트:  --add-opens=java.base/java.io=ALL-UNNAMED
09-Nov-2023 20:11:43.984 정보 [main] org.apache.catalina.startup.VersionLoggerListener.log 명령 행 아규먼트:  --add-opens=java.base/java.util=ALL-UNNAMED
09-Nov-2023 20:11:43.985 정보 [main] org.apache.catalina.startup.VersionLoggerListener.log 명령 행 아규먼트:  --add-opens=java.base/java.util.concurrent=ALL-UNNAMED
09-Nov-2023 20:11:43.985 정보 [main] org.apache.catalina.startup.VersionLoggerListener.log 명령 행 아규먼트:  --add-opens=java.rmi/sun.rmi.transport=ALL-UNNAMED
09-Nov-2023 20:11:43.985 정보 [main] org.apache.catalina.startup.VersionLoggerListener.log 명령 행 아규먼트:  -Dcatalina.home=C:\works\apache-tomcat-10.1.15
09-Nov-2023 20:11:43.985 정보 [main] org.apache.catalina.startup.VersionLoggerListener.log 명령 행 아규먼트:  -Dcatalina.base=C:\works\jsp_projects\JSP_Board
09-Nov-2023 20:11:43.985 정보 [main] org.apache.catalina.startup.VersionLoggerListener.log 명령 행 아규먼트:  -Djava.io.tmpdir=C:\works\jsp_projects\JSP_Board\temp
09-Nov-2023 20:11:43.985 정보 [main] org.apache.catalina.startup.VersionLoggerListener.log 명령 행 아규먼트:  -Djava.util.logging.config.file=C:\works\jsp_projects\JSP_Board\conf\logging.properties
09-Nov-2023 20:11:43.985 정보 [main] org.apache.catalina.startup.VersionLoggerListener.log 명령 행 아규먼트:  -Djava.util.logging.manager=org.apache.juli.ClassLoaderLogManager
09-Nov-2023 20:11:43.985 정보 [main] org.apache.catalina.startup.VersionLoggerListener.log 명령 행 아규먼트:  -javaagent:C:\Program Files\JetBrains\IntelliJ IDEA Community Edition 2023.2\lib\idea_rt.jar=14632:C:\Program Files\JetBrains\IntelliJ IDEA Community Edition 2023.2\bin
09-Nov-2023 20:11:43.985 정보 [main] org.apache.catalina.startup.VersionLoggerListener.log 명령 행 아규먼트:  -Dfile.encoding=UTF-8
09-Nov-2023 20:11:43.987 정보 [main] org.apache.catalina.core.AprLifecycleListener.lifecycleEvent APR 버전 [1.7.4]을(를) 사용한, APR 기반 Apache Tomcat Native 라이브러리 [2.0.6]을(를) 로드했습니다.
09-Nov-2023 20:11:43.991 정보 [main] org.apache.catalina.core.AprLifecycleListener.initializeSSL OpenSSL이 성공적으로 초기화되었습니다: [OpenSSL 3.0.11 19 Sep 2023]
09-Nov-2023 20:11:44.172 정보 [main] org.apache.coyote.AbstractProtocol.init 프로토콜 핸들러 ["http-nio-8081"]을(를) 초기화합니다.
09-Nov-2023 20:11:44.191 정보 [main] org.apache.catalina.startup.Catalina.load [408] 밀리초 내에 서버가 초기화되었습니다.
09-Nov-2023 20:11:44.238 정보 [main] org.apache.catalina.core.StandardService.startInternal 서비스 [Catalina]을(를) 시작합니다.
09-Nov-2023 20:11:44.239 정보 [main] org.apache.catalina.core.StandardEngine.startInternal 서버 엔진을 시작합니다: [Apache Tomcat/10.1.15]
09-Nov-2023 20:11:44.254 정보 [main] org.apache.catalina.startup.HostConfig.deployDescriptor 배치 descriptor [C:\works\jsp_projects\JSP_Board\conf\Catalina\localhost\ROOT.xml]을(를) 배치합니다.
09-Nov-2023 20:11:44.609 정보 [main] org.apache.catalina.startup.HostConfig.deployDescriptor 배치 descriptor [C:\works\jsp_projects\JSP_Board\conf\Catalina\localhost\ROOT.xml]의 배치가 [353] 밀리초 내에 완료되었습니다.
09-Nov-2023 20:11:44.611 정보 [main] org.apache.coyote.AbstractProtocol.start 프로토콜 핸들러 ["http-nio-8081"]을(를) 시작합니다.
09-Nov-2023 20:11:44.648 정보 [main] org.apache.catalina.startup.Catalina.start 서버가 [456] 밀리초 내에 시작되었습니다.
09-Nov-2023 20:13:17.586 정보 [Thread-1] org.apache.coyote.AbstractProtocol.pause 프로토콜 핸들러 ["http-nio-8081"]을(를) 일시 정지 중
09-Nov-2023 20:13:17.590 정보 [Thread-1] org.apache.catalina.core.StandardService.stopInternal 서비스 [Catalina]을(를) 중지시킵니다.
09-Nov-2023 20:13:17.596 정보 [Thread-1] org.apache.coyote.AbstractProtocol.stop 프로토콜 핸들러 ["http-nio-8081"]을(를) 중지시킵니다.
09-Nov-2023 20:13:17.598 정보 [Thread-1] org.apache.coyote.AbstractProtocol.destroy 프로토콜 핸들러 ["http-nio-8081"]을(를) 소멸시킵니다.
09-Nov-2023 20:13:18.444 정보 [main] org.apache.catalina.startup.VersionLoggerListener.log 서버 버전 이름:    Apache Tomcat/10.1.15
09-Nov-2023 20:13:18.447 정보 [main] org.apache.catalina.startup.VersionLoggerListener.log Server 빌드 시각:  Oct 11 2023 23:38:40 UTC
09-Nov-2023 20:13:18.447 정보 [main] org.apache.catalina.startup.VersionLoggerListener.log Server 버전 번호:  10.1.15.0
09-Nov-2023 20:13:18.447 정보 [main] org.apache.catalina.startup.VersionLoggerListener.log 운영체제 이름:     Windows 10
09-Nov-2023 20:13:18.447 정보 [main] org.apache.catalina.startup.VersionLoggerListener.log 운영체제 버전:     10.0
09-Nov-2023 20:13:18.447 정보 [main] org.apache.catalina.startup.VersionLoggerListener.log 아키텍처:          amd64
09-Nov-2023 20:13:18.447 정보 [main] org.apache.catalina.startup.VersionLoggerListener.log 자바 홈:           C:\Users\User\.jdks\corretto-17.0.8.1
09-Nov-2023 20:13:18.447 정보 [main] org.apache.catalina.startup.VersionLoggerListener.log JVM 버전:          17.0.8.1+8-LTS
09-Nov-2023 20:13:18.447 정보 [main] org.apache.catalina.startup.VersionLoggerListener.log JVM 벤더:          Amazon.com Inc.
09-Nov-2023 20:13:18.447 정보 [main] org.apache.catalina.startup.VersionLoggerListener.log CATALINA_BASE:     C:\works\jsp_projects\JSP_Board
09-Nov-2023 20:13:18.447 정보 [main] org.apache.catalina.startup.VersionLoggerListener.log CATALINA_HOME:     C:\works\apache-tomcat-10.1.15
09-Nov-2023 20:13:18.453 정보 [main] org.apache.catalina.startup.VersionLoggerListener.log 명령 행 아규먼트:  --add-opens=java.base/java.lang=ALL-UNNAMED
09-Nov-2023 20:13:18.453 정보 [main] org.apache.catalina.startup.VersionLoggerListener.log 명령 행 아규먼트:  --add-opens=java.base/java.io=ALL-UNNAMED
09-Nov-2023 20:13:18.453 정보 [main] org.apache.catalina.startup.VersionLoggerListener.log 명령 행 아규먼트:  --add-opens=java.base/java.util=ALL-UNNAMED
09-Nov-2023 20:13:18.453 정보 [main] org.apache.catalina.startup.VersionLoggerListener.log 명령 행 아규먼트:  --add-opens=java.base/java.util.concurrent=ALL-UNNAMED
09-Nov-2023 20:13:18.453 정보 [main] org.apache.catalina.startup.VersionLoggerListener.log 명령 행 아규먼트:  --add-opens=java.rmi/sun.rmi.transport=ALL-UNNAMED
09-Nov-2023 20:13:18.453 정보 [main] org.apache.catalina.startup.VersionLoggerListener.log 명령 행 아규먼트:  -Dcatalina.home=C:\works\apache-tomcat-10.1.15
09-Nov-2023 20:13:18.453 정보 [main] org.apache.catalina.startup.VersionLoggerListener.log 명령 행 아규먼트:  -Dcatalina.base=C:\works\jsp_projects\JSP_Board
09-Nov-2023 20:13:18.454 정보 [main] org.apache.catalina.startup.VersionLoggerListener.log 명령 행 아규먼트:  -Djava.io.tmpdir=C:\works\jsp_projects\JSP_Board\temp
09-Nov-2023 20:13:18.454 정보 [main] org.apache.catalina.startup.VersionLoggerListener.log 명령 행 아규먼트:  -Djava.util.logging.config.file=C:\works\jsp_projects\JSP_Board\conf\logging.properties
09-Nov-2023 20:13:18.454 정보 [main] org.apache.catalina.startup.VersionLoggerListener.log 명령 행 아규먼트:  -Djava.util.logging.manager=org.apache.juli.ClassLoaderLogManager
09-Nov-2023 20:13:18.455 정보 [main] org.apache.catalina.startup.VersionLoggerListener.log 명령 행 아규먼트:  -javaagent:C:\Program Files\JetBrains\IntelliJ IDEA Community Edition 2023.2\lib\idea_rt.jar=14650:C:\Program Files\JetBrains\IntelliJ IDEA Community Edition 2023.2\bin
09-Nov-2023 20:13:18.455 정보 [main] org.apache.catalina.startup.VersionLoggerListener.log 명령 행 아규먼트:  -Dfile.encoding=UTF-8
09-Nov-2023 20:13:18.457 정보 [main] org.apache.catalina.core.AprLifecycleListener.lifecycleEvent APR 버전 [1.7.4]을(를) 사용한, APR 기반 Apache Tomcat Native 라이브러리 [2.0.6]을(를) 로드했습니다.
09-Nov-2023 20:13:18.461 정보 [main] org.apache.catalina.core.AprLifecycleListener.initializeSSL OpenSSL이 성공적으로 초기화되었습니다: [OpenSSL 3.0.11 19 Sep 2023]
09-Nov-2023 20:13:18.619 정보 [main] org.apache.coyote.AbstractProtocol.init 프로토콜 핸들러 ["http-nio-8081"]을(를) 초기화합니다.
09-Nov-2023 20:13:18.633 정보 [main] org.apache.catalina.startup.Catalina.load [301] 밀리초 내에 서버가 초기화되었습니다.
09-Nov-2023 20:13:18.684 정보 [main] org.apache.catalina.core.StandardService.startInternal 서비스 [Catalina]을(를) 시작합니다.
09-Nov-2023 20:13:18.684 정보 [main] org.apache.catalina.core.StandardEngine.startInternal 서버 엔진을 시작합니다: [Apache Tomcat/10.1.15]
09-Nov-2023 20:13:18.700 정보 [main] org.apache.catalina.startup.HostConfig.deployDescriptor 배치 descriptor [C:\works\jsp_projects\JSP_Board\conf\Catalina\localhost\ROOT.xml]을(를) 배치합니다.
09-Nov-2023 20:13:19.034 정보 [main] org.apache.catalina.startup.HostConfig.deployDescriptor 배치 descriptor [C:\works\jsp_projects\JSP_Board\conf\Catalina\localhost\ROOT.xml]의 배치가 [332] 밀리초 내에 완료되었습니다.
09-Nov-2023 20:13:19.036 정보 [main] org.apache.coyote.AbstractProtocol.start 프로토콜 핸들러 ["http-nio-8081"]을(를) 시작합니다.
09-Nov-2023 20:13:19.062 정보 [main] org.apache.catalina.startup.Catalina.start 서버가 [429] 밀리초 내에 시작되었습니다.
09-Nov-2023 20:19:14.010 정보 [Thread-1] org.apache.coyote.AbstractProtocol.pause 프로토콜 핸들러 ["http-nio-8081"]을(를) 일시 정지 중
09-Nov-2023 20:19:14.012 정보 [Thread-1] org.apache.catalina.core.StandardService.stopInternal 서비스 [Catalina]을(를) 중지시킵니다.
09-Nov-2023 20:19:14.019 정보 [Thread-1] org.apache.coyote.AbstractProtocol.stop 프로토콜 핸들러 ["http-nio-8081"]을(를) 중지시킵니다.
09-Nov-2023 20:19:14.023 정보 [Thread-1] org.apache.coyote.AbstractProtocol.destroy 프로토콜 핸들러 ["http-nio-8081"]을(를) 소멸시킵니다.
09-Nov-2023 20:19:15.792 정보 [main] org.apache.catalina.startup.VersionLoggerListener.log 서버 버전 이름:    Apache Tomcat/10.1.15
09-Nov-2023 20:19:15.795 정보 [main] org.apache.catalina.startup.VersionLoggerListener.log Server 빌드 시각:  Oct 11 2023 23:38:40 UTC
09-Nov-2023 20:19:15.795 정보 [main] org.apache.catalina.startup.VersionLoggerListener.log Server 버전 번호:  10.1.15.0
09-Nov-2023 20:19:15.795 정보 [main] org.apache.catalina.startup.VersionLoggerListener.log 운영체제 이름:     Windows 10
09-Nov-2023 20:19:15.795 정보 [main] org.apache.catalina.startup.VersionLoggerListener.log 운영체제 버전:     10.0
09-Nov-2023 20:19:15.795 정보 [main] org.apache.catalina.startup.VersionLoggerListener.log 아키텍처:          amd64
09-Nov-2023 20:19:15.795 정보 [main] org.apache.catalina.startup.VersionLoggerListener.log 자바 홈:           C:\Users\User\.jdks\corretto-17.0.8.1
09-Nov-2023 20:19:15.795 정보 [main] org.apache.catalina.startup.VersionLoggerListener.log JVM 버전:          17.0.8.1+8-LTS
09-Nov-2023 20:19:15.795 정보 [main] org.apache.catalina.startup.VersionLoggerListener.log JVM 벤더:          Amazon.com Inc.
09-Nov-2023 20:19:15.795 정보 [main] org.apache.catalina.startup.VersionLoggerListener.log CATALINA_BASE:     C:\works\jsp_projects\JSP_Board
09-Nov-2023 20:19:15.796 정보 [main] org.apache.catalina.startup.VersionLoggerListener.log CATALINA_HOME:     C:\works\apache-tomcat-10.1.15
09-Nov-2023 20:19:15.802 정보 [main] org.apache.catalina.startup.VersionLoggerListener.log 명령 행 아규먼트:  --add-opens=java.base/java.lang=ALL-UNNAMED
09-Nov-2023 20:19:15.802 정보 [main] org.apache.catalina.startup.VersionLoggerListener.log 명령 행 아규먼트:  --add-opens=java.base/java.io=ALL-UNNAMED
09-Nov-2023 20:19:15.803 정보 [main] org.apache.catalina.startup.VersionLoggerListener.log 명령 행 아규먼트:  --add-opens=java.base/java.util=ALL-UNNAMED
09-Nov-2023 20:19:15.803 정보 [main] org.apache.catalina.startup.VersionLoggerListener.log 명령 행 아규먼트:  --add-opens=java.base/java.util.concurrent=ALL-UNNAMED
09-Nov-2023 20:19:15.803 정보 [main] org.apache.catalina.startup.VersionLoggerListener.log 명령 행 아규먼트:  --add-opens=java.rmi/sun.rmi.transport=ALL-UNNAMED
09-Nov-2023 20:19:15.803 정보 [main] org.apache.catalina.startup.VersionLoggerListener.log 명령 행 아규먼트:  -Dcatalina.home=C:\works\apache-tomcat-10.1.15
09-Nov-2023 20:19:15.803 정보 [main] org.apache.catalina.startup.VersionLoggerListener.log 명령 행 아규먼트:  -Dcatalina.base=C:\works\jsp_projects\JSP_Board
09-Nov-2023 20:19:15.803 정보 [main] org.apache.catalina.startup.VersionLoggerListener.log 명령 행 아규먼트:  -Djava.io.tmpdir=C:\works\jsp_projects\JSP_Board\temp
09-Nov-2023 20:19:15.803 정보 [main] org.apache.catalina.startup.VersionLoggerListener.log 명령 행 아규먼트:  -Djava.util.logging.config.file=C:\works\jsp_projects\JSP_Board\conf\logging.properties
09-Nov-2023 20:19:15.803 정보 [main] org.apache.catalina.startup.VersionLoggerListener.log 명령 행 아규먼트:  -Djava.util.logging.manager=org.apache.juli.ClassLoaderLogManager
09-Nov-2023 20:19:15.803 정보 [main] org.apache.catalina.startup.VersionLoggerListener.log 명령 행 아규먼트:  -javaagent:C:\Program Files\JetBrains\IntelliJ IDEA Community Edition 2023.2\lib\idea_rt.jar=14715:C:\Program Files\JetBrains\IntelliJ IDEA Community Edition 2023.2\bin
09-Nov-2023 20:19:15.803 정보 [main] org.apache.catalina.startup.VersionLoggerListener.log 명령 행 아규먼트:  -Dfile.encoding=UTF-8
09-Nov-2023 20:19:15.805 정보 [main] org.apache.catalina.core.AprLifecycleListener.lifecycleEvent APR 버전 [1.7.4]을(를) 사용한, APR 기반 Apache Tomcat Native 라이브러리 [2.0.6]을(를) 로드했습니다.
09-Nov-2023 20:19:15.808 정보 [main] org.apache.catalina.core.AprLifecycleListener.initializeSSL OpenSSL이 성공적으로 초기화되었습니다: [OpenSSL 3.0.11 19 Sep 2023]
09-Nov-2023 20:19:15.967 정보 [main] org.apache.coyote.AbstractProtocol.init 프로토콜 핸들러 ["http-nio-8081"]을(를) 초기화합니다.
09-Nov-2023 20:19:15.981 정보 [main] org.apache.catalina.startup.Catalina.load [302] 밀리초 내에 서버가 초기화되었습니다.
09-Nov-2023 20:19:16.020 정보 [main] org.apache.catalina.core.StandardService.startInternal 서비스 [Catalina]을(를) 시작합니다.
09-Nov-2023 20:19:16.021 정보 [main] org.apache.catalina.core.StandardEngine.startInternal 서버 엔진을 시작합니다: [Apache Tomcat/10.1.15]
09-Nov-2023 20:19:16.036 정보 [main] org.apache.catalina.startup.HostConfig.deployDescriptor 배치 descriptor [C:\works\jsp_projects\JSP_Board\conf\Catalina\localhost\ROOT.xml]을(를) 배치합니다.
09-Nov-2023 20:19:16.385 정보 [main] org.apache.catalina.startup.HostConfig.deployDescriptor 배치 descriptor [C:\works\jsp_projects\JSP_Board\conf\Catalina\localhost\ROOT.xml]의 배치가 [347] 밀리초 내에 완료되었습니다.
09-Nov-2023 20:19:16.387 정보 [main] org.apache.coyote.AbstractProtocol.start 프로토콜 핸들러 ["http-nio-8081"]을(를) 시작합니다.
09-Nov-2023 20:19:16.414 정보 [main] org.apache.catalina.startup.Catalina.start 서버가 [432] 밀리초 내에 시작되었습니다.
09-Nov-2023 20:19:36.414 정보 [Catalina-utility-1] org.apache.catalina.core.StandardContext.reload 이름이 []인 컨텍스트를 다시 로드하는 작업이 시작되었습니다.
09-Nov-2023 20:19:36.432 정보 [Catalina-utility-1] org.apache.catalina.core.StandardContext.reload 이름이 []인 컨텍스트를 다시 로드하는 것을 완료했습니다.
09-Nov-2023 20:22:45.419 정보 [Thread-1] org.apache.coyote.AbstractProtocol.pause 프로토콜 핸들러 ["http-nio-8081"]을(를) 일시 정지 중
09-Nov-2023 20:22:45.422 정보 [Thread-1] org.apache.catalina.core.StandardService.stopInternal 서비스 [Catalina]을(를) 중지시킵니다.
09-Nov-2023 20:22:45.425 정보 [Thread-1] org.apache.coyote.AbstractProtocol.stop 프로토콜 핸들러 ["http-nio-8081"]을(를) 중지시킵니다.
09-Nov-2023 20:22:45.427 정보 [Thread-1] org.apache.coyote.AbstractProtocol.destroy 프로토콜 핸들러 ["http-nio-8081"]을(를) 소멸시킵니다.
09-Nov-2023 20:22:46.285 정보 [main] org.apache.catalina.startup.VersionLoggerListener.log 서버 버전 이름:    Apache Tomcat/10.1.15
09-Nov-2023 20:22:46.288 정보 [main] org.apache.catalina.startup.VersionLoggerListener.log Server 빌드 시각:  Oct 11 2023 23:38:40 UTC
09-Nov-2023 20:22:46.288 정보 [main] org.apache.catalina.startup.VersionLoggerListener.log Server 버전 번호:  10.1.15.0
09-Nov-2023 20:22:46.288 정보 [main] org.apache.catalina.startup.VersionLoggerListener.log 운영체제 이름:     Windows 10
09-Nov-2023 20:22:46.288 정보 [main] org.apache.catalina.startup.VersionLoggerListener.log 운영체제 버전:     10.0
09-Nov-2023 20:22:46.288 정보 [main] org.apache.catalina.startup.VersionLoggerListener.log 아키텍처:          amd64
09-Nov-2023 20:22:46.288 정보 [main] org.apache.catalina.startup.VersionLoggerListener.log 자바 홈:           C:\Users\User\.jdks\corretto-17.0.8.1
09-Nov-2023 20:22:46.289 정보 [main] org.apache.catalina.startup.VersionLoggerListener.log JVM 버전:          17.0.8.1+8-LTS
09-Nov-2023 20:22:46.289 정보 [main] org.apache.catalina.startup.VersionLoggerListener.log JVM 벤더:          Amazon.com Inc.
09-Nov-2023 20:22:46.289 정보 [main] org.apache.catalina.startup.VersionLoggerListener.log CATALINA_BASE:     C:\works\jsp_projects\JSP_Board
09-Nov-2023 20:22:46.289 정보 [main] org.apache.catalina.startup.VersionLoggerListener.log CATALINA_HOME:     C:\works\apache-tomcat-10.1.15
09-Nov-2023 20:22:46.294 정보 [main] org.apache.catalina.startup.VersionLoggerListener.log 명령 행 아규먼트:  --add-opens=java.base/java.lang=ALL-UNNAMED
09-Nov-2023 20:22:46.294 정보 [main] org.apache.catalina.startup.VersionLoggerListener.log 명령 행 아규먼트:  --add-opens=java.base/java.io=ALL-UNNAMED
09-Nov-2023 20:22:46.294 정보 [main] org.apache.catalina.startup.VersionLoggerListener.log 명령 행 아규먼트:  --add-opens=java.base/java.util=ALL-UNNAMED
09-Nov-2023 20:22:46.294 정보 [main] org.apache.catalina.startup.VersionLoggerListener.log 명령 행 아규먼트:  --add-opens=java.base/java.util.concurrent=ALL-UNNAMED
09-Nov-2023 20:22:46.295 정보 [main] org.apache.catalina.startup.VersionLoggerListener.log 명령 행 아규먼트:  --add-opens=java.rmi/sun.rmi.transport=ALL-UNNAMED
09-Nov-2023 20:22:46.295 정보 [main] org.apache.catalina.startup.VersionLoggerListener.log 명령 행 아규먼트:  -Dcatalina.home=C:\works\apache-tomcat-10.1.15
09-Nov-2023 20:22:46.295 정보 [main] org.apache.catalina.startup.VersionLoggerListener.log 명령 행 아규먼트:  -Dcatalina.base=C:\works\jsp_projects\JSP_Board
09-Nov-2023 20:22:46.295 정보 [main] org.apache.catalina.startup.VersionLoggerListener.log 명령 행 아규먼트:  -Djava.io.tmpdir=C:\works\jsp_projects\JSP_Board\temp
09-Nov-2023 20:22:46.295 정보 [main] org.apache.catalina.startup.VersionLoggerListener.log 명령 행 아규먼트:  -Djava.util.logging.config.file=C:\works\jsp_projects\JSP_Board\conf\logging.properties
09-Nov-2023 20:22:46.295 정보 [main] org.apache.catalina.startup.VersionLoggerListener.log 명령 행 아규먼트:  -Djava.util.logging.manager=org.apache.juli.ClassLoaderLogManager
09-Nov-2023 20:22:46.295 정보 [main] org.apache.catalina.startup.VersionLoggerListener.log 명령 행 아규먼트:  -javaagent:C:\Program Files\JetBrains\IntelliJ IDEA Community Edition 2023.2\lib\idea_rt.jar=14747:C:\Program Files\JetBrains\IntelliJ IDEA Community Edition 2023.2\bin
09-Nov-2023 20:22:46.295 정보 [main] org.apache.catalina.startup.VersionLoggerListener.log 명령 행 아규먼트:  -Dfile.encoding=UTF-8
09-Nov-2023 20:22:46.297 정보 [main] org.apache.catalina.core.AprLifecycleListener.lifecycleEvent APR 버전 [1.7.4]을(를) 사용한, APR 기반 Apache Tomcat Native 라이브러리 [2.0.6]을(를) 로드했습니다.
09-Nov-2023 20:22:46.300 정보 [main] org.apache.catalina.core.AprLifecycleListener.initializeSSL OpenSSL이 성공적으로 초기화되었습니다: [OpenSSL 3.0.11 19 Sep 2023]
09-Nov-2023 20:22:46.476 정보 [main] org.apache.coyote.AbstractProtocol.init 프로토콜 핸들러 ["http-nio-8081"]을(를) 초기화합니다.
09-Nov-2023 20:22:46.493 정보 [main] org.apache.catalina.startup.Catalina.load [335] 밀리초 내에 서버가 초기화되었습니다.
09-Nov-2023 20:22:46.539 정보 [main] org.apache.catalina.core.StandardService.startInternal 서비스 [Catalina]을(를) 시작합니다.
09-Nov-2023 20:22:46.539 정보 [main] org.apache.catalina.core.StandardEngine.startInternal 서버 엔진을 시작합니다: [Apache Tomcat/10.1.15]
09-Nov-2023 20:22:46.555 정보 [main] org.apache.catalina.startup.HostConfig.deployDescriptor 배치 descriptor [C:\works\jsp_projects\JSP_Board\conf\Catalina\localhost\ROOT.xml]을(를) 배치합니다.
09-Nov-2023 20:22:46.972 정보 [main] org.apache.catalina.startup.HostConfig.deployDescriptor 배치 descriptor [C:\works\jsp_projects\JSP_Board\conf\Catalina\localhost\ROOT.xml]의 배치가 [416] 밀리초 내에 완료되었습니다.
09-Nov-2023 20:22:46.976 정보 [main] org.apache.coyote.AbstractProtocol.start 프로토콜 핸들러 ["http-nio-8081"]을(를) 시작합니다.
09-Nov-2023 20:22:47.012 정보 [main] org.apache.catalina.startup.Catalina.start 서버가 [519] 밀리초 내에 시작되었습니다.
09-Nov-2023 20:23:27.011 정보 [Catalina-utility-1] org.apache.catalina.core.StandardContext.reload 이름이 []인 컨텍스트를 다시 로드하는 작업이 시작되었습니다.
09-Nov-2023 20:23:27.031 정보 [Catalina-utility-1] org.apache.catalina.core.StandardContext.reload 이름이 []인 컨텍스트를 다시 로드하는 것을 완료했습니다.
09-Nov-2023 20:23:57.054 정보 [Catalina-utility-1] org.apache.catalina.core.StandardContext.reload 이름이 []인 컨텍스트를 다시 로드하는 작업이 시작되었습니다.
09-Nov-2023 20:23:57.073 정보 [Catalina-utility-1] org.apache.catalina.core.StandardContext.reload 이름이 []인 컨텍스트를 다시 로드하는 것을 완료했습니다.
09-Nov-2023 20:24:37.129 정보 [Catalina-utility-1] org.apache.catalina.core.StandardContext.reload 이름이 []인 컨텍스트를 다시 로드하는 작업이 시작되었습니다.
09-Nov-2023 20:24:37.143 정보 [Catalina-utility-1] org.apache.catalina.core.StandardContext.reload 이름이 []인 컨텍스트를 다시 로드하는 것을 완료했습니다.
09-Nov-2023 20:25:17.181 정보 [Catalina-utility-2] org.apache.catalina.core.StandardContext.reload 이름이 []인 컨텍스트를 다시 로드하는 작업이 시작되었습니다.
09-Nov-2023 20:25:17.198 정보 [Catalina-utility-2] org.apache.catalina.core.StandardContext.reload 이름이 []인 컨텍스트를 다시 로드하는 것을 완료했습니다.
09-Nov-2023 20:25:35.247 정보 [Thread-1] org.apache.coyote.AbstractProtocol.pause 프로토콜 핸들러 ["http-nio-8081"]을(를) 일시 정지 중
09-Nov-2023 20:25:35.250 정보 [Thread-1] org.apache.catalina.core.StandardService.stopInternal 서비스 [Catalina]을(를) 중지시킵니다.
09-Nov-2023 20:25:35.252 정보 [Thread-1] org.apache.coyote.AbstractProtocol.stop 프로토콜 핸들러 ["http-nio-8081"]을(를) 중지시킵니다.
09-Nov-2023 20:25:35.256 정보 [Thread-1] org.apache.coyote.AbstractProtocol.destroy 프로토콜 핸들러 ["http-nio-8081"]을(를) 소멸시킵니다.
09-Nov-2023 20:25:36.119 정보 [main] org.apache.catalina.startup.VersionLoggerListener.log 서버 버전 이름:    Apache Tomcat/10.1.15
09-Nov-2023 20:25:36.122 정보 [main] org.apache.catalina.startup.VersionLoggerListener.log Server 빌드 시각:  Oct 11 2023 23:38:40 UTC
09-Nov-2023 20:25:36.122 정보 [main] org.apache.catalina.startup.VersionLoggerListener.log Server 버전 번호:  10.1.15.0
09-Nov-2023 20:25:36.122 정보 [main] org.apache.catalina.startup.VersionLoggerListener.log 운영체제 이름:     Windows 10
09-Nov-2023 20:25:36.122 정보 [main] org.apache.catalina.startup.VersionLoggerListener.log 운영체제 버전:     10.0
09-Nov-2023 20:25:36.122 정보 [main] org.apache.catalina.startup.VersionLoggerListener.log 아키텍처:          amd64
09-Nov-2023 20:25:36.123 정보 [main] org.apache.catalina.startup.VersionLoggerListener.log 자바 홈:           C:\Users\User\.jdks\corretto-17.0.8.1
09-Nov-2023 20:25:36.123 정보 [main] org.apache.catalina.startup.VersionLoggerListener.log JVM 버전:          17.0.8.1+8-LTS
09-Nov-2023 20:25:36.123 정보 [main] org.apache.catalina.startup.VersionLoggerListener.log JVM 벤더:          Amazon.com Inc.
09-Nov-2023 20:25:36.123 정보 [main] org.apache.catalina.startup.VersionLoggerListener.log CATALINA_BASE:     C:\works\jsp_projects\JSP_Board
09-Nov-2023 20:25:36.123 정보 [main] org.apache.catalina.startup.VersionLoggerListener.log CATALINA_HOME:     C:\works\apache-tomcat-10.1.15
09-Nov-2023 20:25:36.129 정보 [main] org.apache.catalina.startup.VersionLoggerListener.log 명령 행 아규먼트:  --add-opens=java.base/java.lang=ALL-UNNAMED
09-Nov-2023 20:25:36.129 정보 [main] org.apache.catalina.startup.VersionLoggerListener.log 명령 행 아규먼트:  --add-opens=java.base/java.io=ALL-UNNAMED
09-Nov-2023 20:25:36.129 정보 [main] org.apache.catalina.startup.VersionLoggerListener.log 명령 행 아규먼트:  --add-opens=java.base/java.util=ALL-UNNAMED
09-Nov-2023 20:25:36.129 정보 [main] org.apache.catalina.startup.VersionLoggerListener.log 명령 행 아규먼트:  --add-opens=java.base/java.util.concurrent=ALL-UNNAMED
09-Nov-2023 20:25:36.129 정보 [main] org.apache.catalina.startup.VersionLoggerListener.log 명령 행 아규먼트:  --add-opens=java.rmi/sun.rmi.transport=ALL-UNNAMED
09-Nov-2023 20:25:36.129 정보 [main] org.apache.catalina.startup.VersionLoggerListener.log 명령 행 아규먼트:  -Dcatalina.home=C:\works\apache-tomcat-10.1.15
09-Nov-2023 20:25:36.129 정보 [main] org.apache.catalina.startup.VersionLoggerListener.log 명령 행 아규먼트:  -Dcatalina.base=C:\works\jsp_projects\JSP_Board
09-Nov-2023 20:25:36.129 정보 [main] org.apache.catalina.startup.VersionLoggerListener.log 명령 행 아규먼트:  -Djava.io.tmpdir=C:\works\jsp_projects\JSP_Board\temp
09-Nov-2023 20:25:36.130 정보 [main] org.apache.catalina.startup.VersionLoggerListener.log 명령 행 아규먼트:  -Djava.util.logging.config.file=C:\works\jsp_projects\JSP_Board\conf\logging.properties
09-Nov-2023 20:25:36.130 정보 [main] org.apache.catalina.startup.VersionLoggerListener.log 명령 행 아규먼트:  -Djava.util.logging.manager=org.apache.juli.ClassLoaderLogManager
09-Nov-2023 20:25:36.130 정보 [main] org.apache.catalina.startup.VersionLoggerListener.log 명령 행 아규먼트:  -javaagent:C:\Program Files\JetBrains\IntelliJ IDEA Community Edition 2023.2\lib\idea_rt.jar=14782:C:\Program Files\JetBrains\IntelliJ IDEA Community Edition 2023.2\bin
09-Nov-2023 20:25:36.130 정보 [main] org.apache.catalina.startup.VersionLoggerListener.log 명령 행 아규먼트:  -Dfile.encoding=UTF-8
09-Nov-2023 20:25:36.131 정보 [main] org.apache.catalina.core.AprLifecycleListener.lifecycleEvent APR 버전 [1.7.4]을(를) 사용한, APR 기반 Apache Tomcat Native 라이브러리 [2.0.6]을(를) 로드했습니다.
09-Nov-2023 20:25:36.135 정보 [main] org.apache.catalina.core.AprLifecycleListener.initializeSSL OpenSSL이 성공적으로 초기화되었습니다: [OpenSSL 3.0.11 19 Sep 2023]
09-Nov-2023 20:25:36.306 정보 [main] org.apache.coyote.AbstractProtocol.init 프로토콜 핸들러 ["http-nio-8081"]을(를) 초기화합니다.
09-Nov-2023 20:25:36.323 정보 [main] org.apache.catalina.startup.Catalina.load [326] 밀리초 내에 서버가 초기화되었습니다.
09-Nov-2023 20:25:36.371 정보 [main] org.apache.catalina.core.StandardService.startInternal 서비스 [Catalina]을(를) 시작합니다.
09-Nov-2023 20:25:36.372 정보 [main] org.apache.catalina.core.StandardEngine.startInternal 서버 엔진을 시작합니다: [Apache Tomcat/10.1.15]
09-Nov-2023 20:25:36.389 정보 [main] org.apache.catalina.startup.HostConfig.deployDescriptor 배치 descriptor [C:\works\jsp_projects\JSP_Board\conf\Catalina\localhost\ROOT.xml]을(를) 배치합니다.
09-Nov-2023 20:25:36.758 정보 [main] org.apache.catalina.startup.HostConfig.deployDescriptor 배치 descriptor [C:\works\jsp_projects\JSP_Board\conf\Catalina\localhost\ROOT.xml]의 배치가 [367] 밀리초 내에 완료되었습니다.
09-Nov-2023 20:25:36.760 정보 [main] org.apache.coyote.AbstractProtocol.start 프로토콜 핸들러 ["http-nio-8081"]을(를) 시작합니다.
09-Nov-2023 20:25:36.794 정보 [main] org.apache.catalina.startup.Catalina.start 서버가 [470] 밀리초 내에 시작되었습니다.
09-Nov-2023 20:26:46.845 정보 [Catalina-utility-1] org.apache.catalina.core.StandardContext.reload 이름이 []인 컨텍스트를 다시 로드하는 작업이 시작되었습니다.
09-Nov-2023 20:26:46.865 정보 [Catalina-utility-1] org.apache.catalina.core.StandardContext.reload 이름이 []인 컨텍스트를 다시 로드하는 것을 완료했습니다.
09-Nov-2023 20:27:06.878 정보 [Catalina-utility-1] org.apache.catalina.core.StandardContext.reload 이름이 []인 컨텍스트를 다시 로드하는 작업이 시작되었습니다.
09-Nov-2023 20:27:06.893 정보 [Catalina-utility-1] org.apache.catalina.core.StandardContext.reload 이름이 []인 컨텍스트를 다시 로드하는 것을 완료했습니다.
09-Nov-2023 20:27:55.224 정보 [Thread-1] org.apache.coyote.AbstractProtocol.pause 프로토콜 핸들러 ["http-nio-8081"]을(를) 일시 정지 중
09-Nov-2023 20:27:55.226 정보 [Thread-1] org.apache.catalina.core.StandardService.stopInternal 서비스 [Catalina]을(를) 중지시킵니다.
09-Nov-2023 20:27:55.228 정보 [Thread-1] org.apache.coyote.AbstractProtocol.stop 프로토콜 핸들러 ["http-nio-8081"]을(를) 중지시킵니다.
09-Nov-2023 20:27:55.231 정보 [Thread-1] org.apache.coyote.AbstractProtocol.destroy 프로토콜 핸들러 ["http-nio-8081"]을(를) 소멸시킵니다.
09-Nov-2023 20:27:56.090 정보 [main] org.apache.catalina.startup.VersionLoggerListener.log 서버 버전 이름:    Apache Tomcat/10.1.15
09-Nov-2023 20:27:56.093 정보 [main] org.apache.catalina.startup.VersionLoggerListener.log Server 빌드 시각:  Oct 11 2023 23:38:40 UTC
09-Nov-2023 20:27:56.093 정보 [main] org.apache.catalina.startup.VersionLoggerListener.log Server 버전 번호:  10.1.15.0
09-Nov-2023 20:27:56.093 정보 [main] org.apache.catalina.startup.VersionLoggerListener.log 운영체제 이름:     Windows 10
09-Nov-2023 20:27:56.093 정보 [main] org.apache.catalina.startup.VersionLoggerListener.log 운영체제 버전:     10.0
09-Nov-2023 20:27:56.093 정보 [main] org.apache.catalina.startup.VersionLoggerListener.log 아키텍처:          amd64
09-Nov-2023 20:27:56.093 정보 [main] org.apache.catalina.startup.VersionLoggerListener.log 자바 홈:           C:\Users\User\.jdks\corretto-17.0.8.1
09-Nov-2023 20:27:56.094 정보 [main] org.apache.catalina.startup.VersionLoggerListener.log JVM 버전:          17.0.8.1+8-LTS
09-Nov-2023 20:27:56.094 정보 [main] org.apache.catalina.startup.VersionLoggerListener.log JVM 벤더:          Amazon.com Inc.
09-Nov-2023 20:27:56.094 정보 [main] org.apache.catalina.startup.VersionLoggerListener.log CATALINA_BASE:     C:\works\jsp_projects\JSP_Board
09-Nov-2023 20:27:56.094 정보 [main] org.apache.catalina.startup.VersionLoggerListener.log CATALINA_HOME:     C:\works\apache-tomcat-10.1.15
09-Nov-2023 20:27:56.101 정보 [main] org.apache.catalina.startup.VersionLoggerListener.log 명령 행 아규먼트:  --add-opens=java.base/java.lang=ALL-UNNAMED
09-Nov-2023 20:27:56.101 정보 [main] org.apache.catalina.startup.VersionLoggerListener.log 명령 행 아규먼트:  --add-opens=java.base/java.io=ALL-UNNAMED
09-Nov-2023 20:27:56.101 정보 [main] org.apache.catalina.startup.VersionLoggerListener.log 명령 행 아규먼트:  --add-opens=java.base/java.util=ALL-UNNAMED
09-Nov-2023 20:27:56.101 정보 [main] org.apache.catalina.startup.VersionLoggerListener.log 명령 행 아규먼트:  --add-opens=java.base/java.util.concurrent=ALL-UNNAMED
09-Nov-2023 20:27:56.102 정보 [main] org.apache.catalina.startup.VersionLoggerListener.log 명령 행 아규먼트:  --add-opens=java.rmi/sun.rmi.transport=ALL-UNNAMED
09-Nov-2023 20:27:56.102 정보 [main] org.apache.catalina.startup.VersionLoggerListener.log 명령 행 아규먼트:  -Dcatalina.home=C:\works\apache-tomcat-10.1.15
09-Nov-2023 20:27:56.102 정보 [main] org.apache.catalina.startup.VersionLoggerListener.log 명령 행 아규먼트:  -Dcatalina.base=C:\works\jsp_projects\JSP_Board
09-Nov-2023 20:27:56.102 정보 [main] org.apache.catalina.startup.VersionLoggerListener.log 명령 행 아규먼트:  -Djava.io.tmpdir=C:\works\jsp_projects\JSP_Board\temp
09-Nov-2023 20:27:56.102 정보 [main] org.apache.catalina.startup.VersionLoggerListener.log 명령 행 아규먼트:  -Djava.util.logging.config.file=C:\works\jsp_projects\JSP_Board\conf\logging.properties
09-Nov-2023 20:27:56.102 정보 [main] org.apache.catalina.startup.VersionLoggerListener.log 명령 행 아규먼트:  -Djava.util.logging.manager=org.apache.juli.ClassLoaderLogManager
09-Nov-2023 20:27:56.102 정보 [main] org.apache.catalina.startup.VersionLoggerListener.log 명령 행 아규먼트:  -javaagent:C:\Program Files\JetBrains\IntelliJ IDEA Community Edition 2023.2\lib\idea_rt.jar=14806:C:\Program Files\JetBrains\IntelliJ IDEA Community Edition 2023.2\bin
09-Nov-2023 20:27:56.102 정보 [main] org.apache.catalina.startup.VersionLoggerListener.log 명령 행 아규먼트:  -Dfile.encoding=UTF-8
09-Nov-2023 20:27:56.104 정보 [main] org.apache.catalina.core.AprLifecycleListener.lifecycleEvent APR 버전 [1.7.4]을(를) 사용한, APR 기반 Apache Tomcat Native 라이브러리 [2.0.6]을(를) 로드했습니다.
09-Nov-2023 20:27:56.109 정보 [main] org.apache.catalina.core.AprLifecycleListener.initializeSSL OpenSSL이 성공적으로 초기화되었습니다: [OpenSSL 3.0.11 19 Sep 2023]
09-Nov-2023 20:27:56.284 정보 [main] org.apache.coyote.AbstractProtocol.init 프로토콜 핸들러 ["http-nio-8081"]을(를) 초기화합니다.
09-Nov-2023 20:27:56.300 정보 [main] org.apache.catalina.startup.Catalina.load [329] 밀리초 내에 서버가 초기화되었습니다.
09-Nov-2023 20:27:56.351 정보 [main] org.apache.catalina.core.StandardService.startInternal 서비스 [Catalina]을(를) 시작합니다.
09-Nov-2023 20:27:56.351 정보 [main] org.apache.catalina.core.StandardEngine.startInternal 서버 엔진을 시작합니다: [Apache Tomcat/10.1.15]
09-Nov-2023 20:27:56.367 정보 [main] org.apache.catalina.startup.HostConfig.deployDescriptor 배치 descriptor [C:\works\jsp_projects\JSP_Board\conf\Catalina\localhost\ROOT.xml]을(를) 배치합니다.
09-Nov-2023 20:27:56.702 정보 [main] org.apache.catalina.startup.HostConfig.deployDescriptor 배치 descriptor [C:\works\jsp_projects\JSP_Board\conf\Catalina\localhost\ROOT.xml]의 배치가 [334] 밀리초 내에 완료되었습니다.
09-Nov-2023 20:27:56.705 정보 [main] org.apache.coyote.AbstractProtocol.start 프로토콜 핸들러 ["http-nio-8081"]을(를) 시작합니다.
09-Nov-2023 20:27:56.741 정보 [main] org.apache.catalina.startup.Catalina.start 서버가 [439] 밀리초 내에 시작되었습니다.
09-Nov-2023 20:28:36.738 정보 [Catalina-utility-2] org.apache.catalina.core.StandardContext.reload 이름이 []인 컨텍스트를 다시 로드하는 작업이 시작되었습니다.
09-Nov-2023 20:28:36.760 정보 [Catalina-utility-2] org.apache.catalina.core.StandardContext.reload 이름이 []인 컨텍스트를 다시 로드하는 것을 완료했습니다.
